<?xml version="1.0" encoding="UTF-8"?>
<testsuite name="webapp.controller.MainControllerTest" tests="2" skipped="0" failures="0" errors="0" timestamp="2016-11-02T18:24:30" hostname="vssmirnov" time="0.373">
  <properties/>
  <testcase name="renderMainView_ShouldReturnResponseStatusOk" classname="webapp.controller.MainControllerTest" time="0.363"/>
  <testcase name="renderMainView_ShouldRenderMainPage" classname="webapp.controller.MainControllerTest" time="0.009"/>
  <system-out><![CDATA[]]></system-out>
  <system-err><![CDATA[]]></system-err>
</testsuite>
