<?xml version="1.0" encoding="UTF-8"?>
<testsuite name="webapp.controller.MainControllerTest" tests="2" skipped="0" failures="0" errors="0" timestamp="2016-11-03T09:42:02" hostname="vssmirnov" time="0.504">
  <properties/>
  <testcase name="renderMainView_ShouldReturnResponseStatusOk" classname="webapp.controller.MainControllerTest" time="0.489"/>
  <testcase name="renderMainView_ShouldRenderMainPage" classname="webapp.controller.MainControllerTest" time="0.015"/>
  <system-out><![CDATA[]]></system-out>
  <system-err><![CDATA[]]></system-err>
</testsuite>
